# JRE version: OpenJDK Runtime Environment (19.0.2+7) (build 19.0.2+7-Ubuntu-0ubuntu322.04)
# Java VM: OpenJDK 64-Bit Server VM (19.0.2+7-Ubuntu-0ubuntu322.04, mixed mode, sharing, tiered, compressed oops, compressed class ptrs, g1 gc, linux-amd64)
GC Precious Log:
 CardTable entry size: 512
 Card Set container configuration: InlinePtr #cards 5 size 8 Array Of Cards #cards 12 size 40 Howl #buckets 4 coarsen threshold 1843 Howl Bitmap #cards 512 size 80 coarsen threshold 460 Card regions per heap region 1 cards per card region 2048
 CPUs: 2 total, 2 available
 Memory: 7385M
 Large Page Support: Disabled
 NUMA Support: Disabled
 Compressed Oops: Enabled (32-bit)
 Heap Region Size: 1M
 Heap Min Capacity: 8M
 Heap Initial Capacity: 116M
 Heap Max Capacity: 1848M
 Pre-touch: Disabled
 Parallel Workers: 2
 Concurrent Workers: 1
 Concurrent Refinement Workers: 2
 Periodic GC: Disabled
Heap:
 garbage-first heap   total 96256K, used 68451K [0x000000008c800000, 0x0000000100000000)
  region size 1024K, 30 young (30720K), 4 survivors (4096K)
 Metaspace       used 24287K, committed 24640K, reserved 1114112K
  class space    used 2573K, committed 2752K, reserved 1048576K
GC Heap History (15 events):
Event: 1.728 GC heap before
{Heap before GC invocations=0 (full 0):
 garbage-first heap   total 120832K, used 7136K [0x000000008c800000, 0x0000000100000000)
  region size 1024K, 6 young (6144K), 0 survivors (0K)
 Metaspace       used 2158K, committed 2368K, reserved 1114112K
  class space    used 193K, committed 320K, reserved 1048576K
}
Event: 1.741 GC heap after
{Heap after GC invocations=1 (full 0):
 garbage-first heap   total 120832K, used 2697K [0x000000008c800000, 0x0000000100000000)
  region size 1024K, 1 young (1024K), 1 survivors (1024K)
 Metaspace       used 2158K, committed 2368K, reserved 1114112K
  class space    used 193K, committed 320K, reserved 1048576K
}
Event: 2.690 GC heap before
{Heap before GC invocations=1 (full 0):
 garbage-first heap   total 120832K, used 8841K [0x000000008c800000, 0x0000000100000000)
  region size 1024K, 7 young (7168K), 1 survivors (1024K)
 Metaspace       used 3913K, committed 4096K, reserved 1114112K
  class space    used 409K, committed 512K, reserved 1048576K
}
Event: 2.704 GC heap after
{Heap after GC invocations=2 (full 0):
 garbage-first heap   total 120832K, used 3492K [0x000000008c800000, 0x0000000100000000)
  region size 1024K, 1 young (1024K), 1 survivors (1024K)
 Metaspace       used 3913K, committed 4096K, reserved 1114112K
  class space    used 409K, committed 512K, reserved 1048576K
}
Event: 4.406 GC heap before
{Heap before GC invocations=2 (full 0):
 garbage-first heap   total 120832K, used 15780K [0x000000008c800000, 0x0000000100000000)
  region size 1024K, 13 young (13312K), 1 survivors (1024K)
 Metaspace       used 5464K, committed 5696K, reserved 1114112K
  class space    used 602K, committed 704K, reserved 1048576K
}
Event: 4.411 GC heap after
{Heap after GC invocations=3 (full 0):
 garbage-first heap   total 120832K, used 4024K [0x000000008c800000, 0x0000000100000000)
  region size 1024K, 2 young (2048K), 2 survivors (2048K)
 Metaspace       used 5464K, committed 5696K, reserved 1114112K
  class space    used 602K, committed 704K, reserved 1048576K
}
Event: 11.582 GC heap before
{Heap before GC invocations=3 (full 0):
 garbage-first heap   total 120832K, used 59320K [0x000000008c800000, 0x0000000100000000)
  region size 1024K, 56 young (57344K), 2 survivors (2048K)
 Metaspace       used 13139K, committed 13376K, reserved 1114112K
  class space    used 1449K, committed 1600K, reserved 1048576K
}
Event: 11.635 GC heap after
{Heap after GC invocations=4 (full 0):
 garbage-first heap   total 120832K, used 10381K [0x000000008c800000, 0x0000000100000000)
  region size 1024K, 7 young (7168K), 7 survivors (7168K)
 Metaspace       used 13139K, committed 13376K, reserved 1114112K
  class space    used 1449K, committed 1600K, reserved 1048576K
}
Event: 13.915 GC heap before
{Heap before GC invocations=4 (full 0):
 garbage-first heap   total 120832K, used 56461K [0x000000008c800000, 0x0000000100000000)
  region size 1024K, 52 young (53248K), 7 survivors (7168K)
 Metaspace       used 13577K, committed 13824K, reserved 1114112K
  class space    used 1452K, committed 1600K, reserved 1048576K
}
Event: 14.011 GC heap after
{Heap after GC invocations=5 (full 0):
 garbage-first heap   total 120832K, used 14460K [0x000000008c800000, 0x0000000100000000)
  region size 1024K, 4 young (4096K), 4 survivors (4096K)
 Metaspace       used 13577K, committed 13824K, reserved 1114112K
  class space    used 1452K, committed 1600K, reserved 1048576K
}
Event: 21.818 GC heap before
{Heap before GC invocations=5 (full 0):
 garbage-first heap   total 120832K, used 109692K [0x000000008c800000, 0x0000000100000000)
  region size 1024K, 61 young (62464K), 4 survivors (4096K)
 Metaspace       used 21248K, committed 21504K, reserved 1114112K
  class space    used 2291K, committed 2432K, reserved 1048576K
}
Event: 21.919 GC heap after
{Heap after GC invocations=6 (full 0):
 garbage-first heap   total 123904K, used 26592K [0x000000008c800000, 0x0000000100000000)
  region size 1024K, 9 young (9216K), 9 survivors (9216K)
 Metaspace       used 21248K, committed 21504K, reserved 1114112K
  class space    used 2291K, committed 2432K, reserved 1048576K
}
Event: 25.978 GC heap before
{Heap before GC invocations=7 (full 0):
 garbage-first heap   total 96256K, used 61408K [0x000000008c800000, 0x0000000100000000)
  region size 1024K, 41 young (41984K), 9 survivors (9216K)
 Metaspace       used 23538K, committed 23872K, reserved 1114112K
  class space    used 2511K, committed 2688K, reserved 1048576K
}
Event: 26.129 GC heap after
{Heap after GC invocations=8 (full 0):
 garbage-first heap   total 96256K, used 40803K [0x000000008c800000, 0x0000000100000000)
  region size 1024K, 6 young (6144K), 6 survivors (6144K)
 Metaspace       used 23538K, committed 23872K, reserved 1114112K
  class space    used 2511K, committed 2688K, reserved 1048576K
}
Event: 29.409 GC heap before
{Heap before GC invocations=8 (full 0):
 garbage-first heap   total 96256K, used 68451K [0x000000008c800000, 0x0000000100000000)
  region size 1024K, 32 young (32768K), 6 survivors (6144K)
 Metaspace       used 24287K, committed 24640K, reserved 1114112K
  class space    used 2573K, committed 2752K, reserved 1048576K
}

