# JRE version: OpenJDK Runtime Environment (19.0.2+7) (build 19.0.2+7-Ubuntu-0ubuntu322.04)
# Java VM: OpenJDK 64-Bit Server VM (19.0.2+7-Ubuntu-0ubuntu322.04, mixed mode, sharing, tiered, compressed oops, compressed class ptrs, g1 gc, linux-amd64)
GC Precious Log:
 CardTable entry size: 512
 Card Set container configuration: InlinePtr #cards 5 size 8 Array Of Cards #cards 12 size 40 Howl #buckets 4 coarsen threshold 1843 Howl Bitmap #cards 512 size 80 coarsen threshold 460 Card regions per heap region 1 cards per card region 2048
 CPUs: 2 total, 2 available
 Memory: 7385M
 Large Page Support: Disabled
 NUMA Support: Disabled
 Compressed Oops: Enabled (32-bit)
 Heap Region Size: 1M
 Heap Min Capacity: 8M
 Heap Initial Capacity: 116M
 Heap Max Capacity: 1848M
 Pre-touch: Disabled
 Parallel Workers: 2
 Concurrent Workers: 1
 Concurrent Refinement Workers: 2
 Periodic GC: Disabled
Heap:
 garbage-first heap   total 120832K, used 33106K [0x000000008c800000, 0x0000000100000000)
  region size 1024K, 26 young (26624K), 3 survivors (3072K)
 Metaspace       used 13339K, committed 13632K, reserved 1114112K
  class space    used 1451K, committed 1600K, reserved 1048576K
GC Heap History (9 events):
Event: 6.370 GC heap before
{Heap before GC invocations=0 (full 0):
 garbage-first heap   total 120832K, used 6112K [0x000000008c800000, 0x0000000100000000)
  region size 1024K, 6 young (6144K), 0 survivors (0K)
 Metaspace       used 2168K, committed 2368K, reserved 1114112K
  class space    used 193K, committed 320K, reserved 1048576K
}
Event: 6.428 GC heap after
{Heap after GC invocations=1 (full 0):
 garbage-first heap   total 120832K, used 2689K [0x000000008c800000, 0x0000000100000000)
  region size 1024K, 1 young (1024K), 1 survivors (1024K)
 Metaspace       used 2168K, committed 2368K, reserved 1114112K
  class space    used 193K, committed 320K, reserved 1048576K
}
Event: 10.954 GC heap before
{Heap before GC invocations=1 (full 0):
 garbage-first heap   total 120832K, used 8833K [0x000000008c800000, 0x0000000100000000)
  region size 1024K, 7 young (7168K), 1 survivors (1024K)
 Metaspace       used 3930K, committed 4096K, reserved 1114112K
  class space    used 411K, committed 512K, reserved 1048576K
}
Event: 10.966 GC heap after
{Heap after GC invocations=2 (full 0):
 garbage-first heap   total 120832K, used 3472K [0x000000008c800000, 0x0000000100000000)
  region size 1024K, 1 young (1024K), 1 survivors (1024K)
 Metaspace       used 3930K, committed 4096K, reserved 1114112K
  class space    used 411K, committed 512K, reserved 1048576K
}
Event: 17.640 GC heap before
{Heap before GC invocations=2 (full 0):
 garbage-first heap   total 120832K, used 14736K [0x000000008c800000, 0x0000000100000000)
  region size 1024K, 12 young (12288K), 1 survivors (1024K)
 Metaspace       used 5332K, committed 5440K, reserved 1114112K
  class space    used 587K, committed 640K, reserved 1048576K
}
Event: 17.659 GC heap after
{Heap after GC invocations=3 (full 0):
 garbage-first heap   total 120832K, used 4089K [0x000000008c800000, 0x0000000100000000)
  region size 1024K, 2 young (2048K), 2 survivors (2048K)
 Metaspace       used 5332K, committed 5440K, reserved 1114112K
  class space    used 587K, committed 640K, reserved 1048576K
}
Event: 36.099 GC heap before
{Heap before GC invocations=3 (full 0):
 garbage-first heap   total 120832K, used 54265K [0x000000008c800000, 0x0000000100000000)
  region size 1024K, 52 young (53248K), 2 survivors (2048K)
 Metaspace       used 13049K, committed 13376K, reserved 1114112K
  class space    used 1437K, committed 1600K, reserved 1048576K
}
Event: 36.374 GC heap after
{Heap after GC invocations=4 (full 0):
 garbage-first heap   total 120832K, used 9554K [0x000000008c800000, 0x0000000100000000)
  region size 1024K, 7 young (7168K), 7 survivors (7168K)
 Metaspace       used 13049K, committed 13376K, reserved 1114112K
  class space    used 1437K, committed 1600K, reserved 1048576K
}
Event: 40.695 GC heap before
{Heap before GC invocations=4 (full 0):
 garbage-first heap   total 120832K, used 33106K [0x000000008c800000, 0x0000000100000000)
  region size 1024K, 30 young (30720K), 7 survivors (7168K)
 Metaspace       used 13339K, committed 13632K, reserved 1114112K
  class space    used 1451K, committed 1600K, reserved 1048576K
}

